2014-10-29 実験中

$ ./org-agenda-list.sh
Loading n:/tool/gnupack/gnupack_devel-11.00/home/.emacs.d/my-init.el (source)...

Loading n:/tool/gnupack/gnupack_devel-11.00/home/.emacs.d/inits/my-benchmark.el
(source)...
Loading n:/tool/gnupack/gnupack_devel-11.00/home/.emacs.d/inits/my-custom-file.e
l (source)...
Loading n:/tool/gnupack/gnupack_devel-11.00/home/.emacs.d/custom-dn2/my-emacs-cu
stom.el (source)...
Loading time...
Loading linum...
Loading recentf...
Loading paren...
Loading n:/tool/gnupack/gnupack_devel-11.00/home/.recentf...
Loading n:/tool/gnupack/gnupack_devel-11.00/home/.emacs.d/inits/my-unset-key.el
(source)...
Loading n:/tool/gnupack/gnupack_devel-11.00/home/.emacs.d/inits/my-package.el (s
ource)...
require package true
{benchmark load} ~/.emacs.d/inits/my-package: 1613 msec
Loading n:/tool/gnupack/gnupack_devel-11.00/home/.emacs.d/inits/my-auto-install.
el (source)...
{benchmark require} url-cookie: 517 msec
{benchmark require} url: 942 msec
{benchmark require} auto-install: 1286 msec
Contacting host: www.emacswiki.org:80
